
61. Printing statistics.

=== rca_4bit ===

   Number of wires:                 22
   Number of wire bits:             31
   Number of public wires:           5
   Number of public wire bits:      14
   Number of memories:               0
   Number of memory bits:            0
   Number of processes:              0
   Number of cells:                 22
     sky130_fd_sc_hd__a21boi_2       1
     sky130_fd_sc_hd__a22o_2         1
     sky130_fd_sc_hd__a31o_2         1
     sky130_fd_sc_hd__and2_2         1
     sky130_fd_sc_hd__nand2_2        6
     sky130_fd_sc_hd__nand4_2        1
     sky130_fd_sc_hd__nor2_2         1
     sky130_fd_sc_hd__o21a_2         1
     sky130_fd_sc_hd__o21ai_2        1
     sky130_fd_sc_hd__or2_2          4
     sky130_fd_sc_hd__or2b_2         1
     sky130_fd_sc_hd__xnor2_2        2
     sky130_fd_sc_hd__xor2_2         1

   Chip area for module '\rca_4bit': 193.936000

