
===========================================================================
report_checks -unconstrained
===========================================================================
======================= Typical Corner ===================================

Startpoint: a[3] (input port clocked by __VIRTUAL_CLK__)
Endpoint: sum[3] (output port clocked by __VIRTUAL_CLK__)
Path Group: __VIRTUAL_CLK__
Path Type: max

Fanout     Cap    Slew   Delay    Time   Description
-----------------------------------------------------------------------------
                  0.00    0.00    0.00   clock __VIRTUAL_CLK__ (rise edge)
                          0.00    0.00   clock network delay (ideal)
                          2.00    2.00 v input external delay
                  0.01    0.00    2.00 v a[3] (in)
     2    0.00                           a[3] (net)
                  0.01    0.00    2.00 v _33_/B (sky130_fd_sc_hd__and2_2)
                  0.04    0.18    2.19 v _33_/X (sky130_fd_sc_hd__and2_2)
     2    0.00                           _13_ (net)
                  0.04    0.00    2.19 v _35_/A (sky130_fd_sc_hd__or2b_2)
                  0.07    0.32    2.51 v _35_/X (sky130_fd_sc_hd__or2b_2)
     1    0.01                           _15_ (net)
                  0.07    0.00    2.51 v _37_/A (sky130_fd_sc_hd__xnor2_2)
                  0.45    0.42    2.93 ^ _37_/Y (sky130_fd_sc_hd__xnor2_2)
     1    0.03                           sum[3] (net)
                  0.45    0.00    2.93 ^ sum[3] (out)
                                  2.93   data arrival time

                  0.00   10.00   10.00   clock __VIRTUAL_CLK__ (rise edge)
                          0.00   10.00   clock network delay (ideal)
                         -0.25    9.75   clock uncertainty
                          0.00    9.75   clock reconvergence pessimism
                         -2.00    7.75   output external delay
                                  7.75   data required time
-----------------------------------------------------------------------------
                                  7.75   data required time
                                 -2.93   data arrival time
-----------------------------------------------------------------------------
                                  4.82   slack (MET)




===========================================================================
report_checks --slack_max -0.01
============================================================================
======================= Typical Corner ===================================

No paths found.


===========================================================================
 report_check_types -max_slew -max_cap -max_fanout -violators
============================================================================
======================= Typical Corner ===================================



===========================================================================
report_parasitic_annotation -report_unannotated
============================================================================
Found 31 unannotated drivers.
 a[0]
 a[1]
 a[2]
 a[3]
 b[0]
 b[1]
 b[2]
 b[3]
 cin
 _17_/Y
 _18_/X
 _19_/Y
 _20_/Y
 _21_/Y
 _22_/Y
 _23_/X
 _24_/X
 _25_/Y
 _26_/Y
 _27_/Y
 _28_/X
 _29_/Y
 _30_/X
 _31_/Y
 _32_/X
 _33_/X
 _34_/X
 _35_/X
 _36_/Y
 _37_/Y
 _38_/X
Found 0 partially unannotated drivers.

===========================================================================
max slew violation count 0
max fanout violation count 0
max cap violation count 0
============================================================================

===========================================================================
check_setup -verbose -unconstrained_endpoints -multiple_clock -no_clock -no_input_delay -loops -generated_clocks
===========================================================================
