
===========================================================================
report_checks -path_delay max (Setup)
============================================================================
======================= Typical Corner ===================================

Startpoint: a[3] (input port clocked by __VIRTUAL_CLK__)
Endpoint: sum[3] (output port clocked by __VIRTUAL_CLK__)
Path Group: __VIRTUAL_CLK__
Path Type: max

Fanout     Cap    Slew   Delay    Time   Description
-----------------------------------------------------------------------------
                  0.00    0.00    0.00   clock __VIRTUAL_CLK__ (rise edge)
                          0.00    0.00   clock network delay (ideal)
                          2.00    2.00 v input external delay
                  0.02    0.01    2.01 v a[3] (in)
     2    0.01                           a[3] (net)
                  0.02    0.00    2.01 v _33_/B (sky130_fd_sc_hd__and2_2)
                  0.04    0.19    2.20 v _33_/X (sky130_fd_sc_hd__and2_2)
     2    0.00                           _13_ (net)
                  0.04    0.00    2.20 v _35_/A (sky130_fd_sc_hd__or2b_2)
                  0.07    0.32    2.52 v _35_/X (sky130_fd_sc_hd__or2b_2)
     1    0.01                           _15_ (net)
                  0.07    0.00    2.52 v _37_/A (sky130_fd_sc_hd__xnor2_2)
                  0.45    0.43    2.94 ^ _37_/Y (sky130_fd_sc_hd__xnor2_2)
     1    0.03                           sum[3] (net)
                  0.45    0.00    2.94 ^ sum[3] (out)
                                  2.94   data arrival time

                  0.00   10.00   10.00   clock __VIRTUAL_CLK__ (rise edge)
                          0.00   10.00   clock network delay (ideal)
                         -0.25    9.75   clock uncertainty
                          0.00    9.75   clock reconvergence pessimism
                         -2.00    7.75   output external delay
                                  7.75   data required time
-----------------------------------------------------------------------------
                                  7.75   data required time
                                 -2.94   data arrival time
-----------------------------------------------------------------------------
                                  4.81   slack (MET)


Startpoint: a[0] (input port clocked by __VIRTUAL_CLK__)
Endpoint: cout (output port clocked by __VIRTUAL_CLK__)
Path Group: __VIRTUAL_CLK__
Path Type: max

Fanout     Cap    Slew   Delay    Time   Description
-----------------------------------------------------------------------------
                  0.00    0.00    0.00   clock __VIRTUAL_CLK__ (rise edge)
                          0.00    0.00   clock network delay (ideal)
                          2.00    2.00 ^ input external delay
                  0.08    0.06    2.06 ^ a[0] (in)
     2    0.02                           a[0] (net)
                  0.08    0.00    2.06 ^ _21_/B1 (sky130_fd_sc_hd__o21ai_2)
                  0.05    0.08    2.13 v _21_/Y (sky130_fd_sc_hd__o21ai_2)
     3    0.01                           _03_ (net)
                  0.05    0.00    2.13 v _28_/A2 (sky130_fd_sc_hd__a31o_2)
                  0.06    0.28    2.41 v _28_/X (sky130_fd_sc_hd__a31o_2)
     2    0.01                           _09_ (net)
                  0.06    0.00    2.41 v _36_/A1 (sky130_fd_sc_hd__a21boi_2)
                  0.17    0.20    2.61 ^ _36_/Y (sky130_fd_sc_hd__a21boi_2)
     2    0.01                           _16_ (net)
                  0.17    0.00    2.61 ^ _38_/A2 (sky130_fd_sc_hd__o21a_2)
                  0.19    0.27    2.88 ^ _38_/X (sky130_fd_sc_hd__o21a_2)
     1    0.04                           cout (net)
                  0.19    0.00    2.88 ^ cout (out)
                                  2.88   data arrival time

                  0.00   10.00   10.00   clock __VIRTUAL_CLK__ (rise edge)
                          0.00   10.00   clock network delay (ideal)
                         -0.25    9.75   clock uncertainty
                          0.00    9.75   clock reconvergence pessimism
                         -2.00    7.75   output external delay
                                  7.75   data required time
-----------------------------------------------------------------------------
                                  7.75   data required time
                                 -2.88   data arrival time
-----------------------------------------------------------------------------
                                  4.87   slack (MET)


Startpoint: a[0] (input port clocked by __VIRTUAL_CLK__)
Endpoint: sum[2] (output port clocked by __VIRTUAL_CLK__)
Path Group: __VIRTUAL_CLK__
Path Type: max

Fanout     Cap    Slew   Delay    Time   Description
-----------------------------------------------------------------------------
                  0.00    0.00    0.00   clock __VIRTUAL_CLK__ (rise edge)
                          0.00    0.00   clock network delay (ideal)
                          2.00    2.00 ^ input external delay
                  0.08    0.06    2.06 ^ a[0] (in)
     2    0.02                           a[0] (net)
                  0.08    0.00    2.06 ^ _21_/B1 (sky130_fd_sc_hd__o21ai_2)
                  0.05    0.08    2.13 v _21_/Y (sky130_fd_sc_hd__o21ai_2)
     3    0.01                           _03_ (net)
                  0.05    0.00    2.13 v _28_/A2 (sky130_fd_sc_hd__a31o_2)
                  0.06    0.28    2.41 v _28_/X (sky130_fd_sc_hd__a31o_2)
     2    0.01                           _09_ (net)
                  0.06    0.00    2.41 v _32_/A (sky130_fd_sc_hd__xor2_2)
                  0.46    0.44    2.85 ^ _32_/X (sky130_fd_sc_hd__xor2_2)
     1    0.04                           sum[2] (net)
                  0.46    0.00    2.85 ^ sum[2] (out)
                                  2.85   data arrival time

                  0.00   10.00   10.00   clock __VIRTUAL_CLK__ (rise edge)
                          0.00   10.00   clock network delay (ideal)
                         -0.25    9.75   clock uncertainty
                          0.00    9.75   clock reconvergence pessimism
                         -2.00    7.75   output external delay
                                  7.75   data required time
-----------------------------------------------------------------------------
                                  7.75   data required time
                                 -2.85   data arrival time
-----------------------------------------------------------------------------
                                  4.90   slack (MET)


Startpoint: b[1] (input port clocked by __VIRTUAL_CLK__)
Endpoint: sum[1] (output port clocked by __VIRTUAL_CLK__)
Path Group: __VIRTUAL_CLK__
Path Type: max

Fanout     Cap    Slew   Delay    Time   Description
-----------------------------------------------------------------------------
                  0.00    0.00    0.00   clock __VIRTUAL_CLK__ (rise edge)
                          0.00    0.00   clock network delay (ideal)
                          2.00    2.00 v input external delay
                  0.03    0.02    2.02 v b[1] (in)
     3    0.01                           b[1] (net)
                  0.03    0.00    2.02 v _23_/A (sky130_fd_sc_hd__or2_2)
                  0.07    0.32    2.34 v _23_/X (sky130_fd_sc_hd__or2_2)
     2    0.01                           _05_ (net)
                  0.07    0.00    2.34 v _24_/B2 (sky130_fd_sc_hd__a22o_2)
                  0.04    0.25    2.59 v _24_/X (sky130_fd_sc_hd__a22o_2)
     1    0.00                           _06_ (net)
                  0.04    0.00    2.59 v _26_/A (sky130_fd_sc_hd__nand2_2)
                  0.19    0.17    2.76 ^ _26_/Y (sky130_fd_sc_hd__nand2_2)
     1    0.04                           sum[1] (net)
                  0.19    0.00    2.76 ^ sum[1] (out)
                                  2.76   data arrival time

                  0.00   10.00   10.00   clock __VIRTUAL_CLK__ (rise edge)
                          0.00   10.00   clock network delay (ideal)
                         -0.25    9.75   clock uncertainty
                          0.00    9.75   clock reconvergence pessimism
                         -2.00    7.75   output external delay
                                  7.75   data required time
-----------------------------------------------------------------------------
                                  7.75   data required time
                                 -2.76   data arrival time
-----------------------------------------------------------------------------
                                  4.99   slack (MET)


Startpoint: b[0] (input port clocked by __VIRTUAL_CLK__)
Endpoint: sum[0] (output port clocked by __VIRTUAL_CLK__)
Path Group: __VIRTUAL_CLK__
Path Type: max

Fanout     Cap    Slew   Delay    Time   Description
-----------------------------------------------------------------------------
                  0.00    0.00    0.00   clock __VIRTUAL_CLK__ (rise edge)
                          0.00    0.00   clock network delay (ideal)
                          2.00    2.00 v input external delay
                  0.03    0.02    2.02 v b[0] (in)
     3    0.01                           b[0] (net)
                  0.03    0.00    2.02 v _18_/A (sky130_fd_sc_hd__or2_2)
                  0.06    0.30    2.32 v _18_/X (sky130_fd_sc_hd__or2_2)
     1    0.00                           _01_ (net)
                  0.06    0.00    2.32 v _19_/B (sky130_fd_sc_hd__nand2_2)
                  0.06    0.09    2.41 ^ _19_/Y (sky130_fd_sc_hd__nand2_2)
     1    0.01                           _02_ (net)
                  0.06    0.00    2.41 ^ _20_/B (sky130_fd_sc_hd__xnor2_2)
                  0.46    0.22    2.63 ^ _20_/Y (sky130_fd_sc_hd__xnor2_2)
     1    0.04                           sum[0] (net)
                  0.46    0.00    2.64 ^ sum[0] (out)
                                  2.64   data arrival time

                  0.00   10.00   10.00   clock __VIRTUAL_CLK__ (rise edge)
                          0.00   10.00   clock network delay (ideal)
                         -0.25    9.75   clock uncertainty
                          0.00    9.75   clock reconvergence pessimism
                         -2.00    7.75   output external delay
                                  7.75   data required time
-----------------------------------------------------------------------------
                                  7.75   data required time
                                 -2.64   data arrival time
-----------------------------------------------------------------------------
                                  5.11   slack (MET)



