
===========================================================================
report_checks -unconstrained
===========================================================================
======================= Fastest Corner ===================================

Startpoint: b[1] (input port clocked by __VIRTUAL_CLK__)
Endpoint: sum[3] (output port clocked by __VIRTUAL_CLK__)
Path Group: __VIRTUAL_CLK__
Path Type: max
Corner: Fastest

Fanout     Cap    Slew   Delay    Time   Description
-----------------------------------------------------------------------------
                  0.00    0.00    0.00   clock __VIRTUAL_CLK__ (rise edge)
                          0.00    0.00   clock network delay (ideal)
                          2.00    2.00 ^ input external delay
                  0.02    0.01    2.01 ^ b[1] (in)
     1    0.00                           b[1] (net)
                  0.02    0.00    2.01 ^ input6/A (sky130_fd_sc_hd__buf_1)
                  0.11    0.11    2.12 ^ input6/X (sky130_fd_sc_hd__buf_1)
     3    0.01                           net6 (net)
                  0.11    0.00    2.12 ^ _22_/A (sky130_fd_sc_hd__nand2_1)
                  0.06    0.07    2.19 v _22_/Y (sky130_fd_sc_hd__nand2_1)
     3    0.01                           _04_ (net)
                  0.06    0.00    2.19 v _28_/A3 (sky130_fd_sc_hd__a31o_1)
                  0.04    0.17    2.36 v _28_/X (sky130_fd_sc_hd__a31o_1)
     2    0.01                           _09_ (net)
                  0.04    0.00    2.36 v _36_/A1 (sky130_fd_sc_hd__a21boi_1)
                  0.15    0.15    2.51 ^ _36_/Y (sky130_fd_sc_hd__a21boi_1)
     2    0.01                           _16_ (net)
                  0.15    0.00    2.51 ^ _37_/B (sky130_fd_sc_hd__xnor2_1)
                  0.09    0.08    2.59 ^ _37_/Y (sky130_fd_sc_hd__xnor2_1)
     1    0.00                           net14 (net)
                  0.09    0.00    2.59 ^ output14/A (sky130_fd_sc_hd__buf_2)
                  0.13    0.16    2.75 ^ output14/X (sky130_fd_sc_hd__buf_2)
     1    0.03                           sum[3] (net)
                  0.13    0.00    2.75 ^ sum[3] (out)
                                  2.75   data arrival time

                  0.00   10.00   10.00   clock __VIRTUAL_CLK__ (rise edge)
                          0.00   10.00   clock network delay (ideal)
                         -0.25    9.75   clock uncertainty
                          0.00    9.75   clock reconvergence pessimism
                         -2.00    7.75   output external delay
                                  7.75   data required time
-----------------------------------------------------------------------------
                                  7.75   data required time
                                 -2.75   data arrival time
-----------------------------------------------------------------------------
                                  5.00   slack (MET)



======================= Slowest Corner ===================================

Startpoint: b[1] (input port clocked by __VIRTUAL_CLK__)
Endpoint: sum[3] (output port clocked by __VIRTUAL_CLK__)
Path Group: __VIRTUAL_CLK__
Path Type: max
Corner: Slowest

Fanout     Cap    Slew   Delay    Time   Description
-----------------------------------------------------------------------------
                  0.00    0.00    0.00   clock __VIRTUAL_CLK__ (rise edge)
                          0.00    0.00   clock network delay (ideal)
                          2.00    2.00 ^ input external delay
                  0.04    0.02    2.02 ^ b[1] (in)
     1    0.00                           b[1] (net)
                  0.04    0.00    2.02 ^ input6/A (sky130_fd_sc_hd__buf_1)
                  0.23    0.26    2.29 ^ input6/X (sky130_fd_sc_hd__buf_1)
     3    0.01                           net6 (net)
                  0.23    0.00    2.29 ^ _22_/A (sky130_fd_sc_hd__nand2_1)
                  0.19    0.26    2.55 v _22_/Y (sky130_fd_sc_hd__nand2_1)
     3    0.01                           _04_ (net)
                  0.19    0.00    2.55 v _28_/A3 (sky130_fd_sc_hd__a31o_1)
                  0.11    0.51    3.06 v _28_/X (sky130_fd_sc_hd__a31o_1)
     2    0.01                           _09_ (net)
                  0.11    0.00    3.06 v _36_/A1 (sky130_fd_sc_hd__a21boi_1)
                  0.34    0.37    3.43 ^ _36_/Y (sky130_fd_sc_hd__a21boi_1)
     2    0.01                           _16_ (net)
                  0.34    0.00    3.43 ^ _37_/B (sky130_fd_sc_hd__xnor2_1)
                  0.19    0.31    3.74 ^ _37_/Y (sky130_fd_sc_hd__xnor2_1)
     1    0.00                           net14 (net)
                  0.19    0.00    3.74 ^ output14/A (sky130_fd_sc_hd__buf_2)
                  0.27    0.42    4.16 ^ output14/X (sky130_fd_sc_hd__buf_2)
     1    0.03                           sum[3] (net)
                  0.27    0.00    4.16 ^ sum[3] (out)
                                  4.16   data arrival time

                  0.00   10.00   10.00   clock __VIRTUAL_CLK__ (rise edge)
                          0.00   10.00   clock network delay (ideal)
                         -0.25    9.75   clock uncertainty
                          0.00    9.75   clock reconvergence pessimism
                         -2.00    7.75   output external delay
                                  7.75   data required time
-----------------------------------------------------------------------------
                                  7.75   data required time
                                 -4.16   data arrival time
-----------------------------------------------------------------------------
                                  3.59   slack (MET)



======================= Typical Corner ===================================

Startpoint: b[1] (input port clocked by __VIRTUAL_CLK__)
Endpoint: sum[3] (output port clocked by __VIRTUAL_CLK__)
Path Group: __VIRTUAL_CLK__
Path Type: max
Corner: Typical

Fanout     Cap    Slew   Delay    Time   Description
-----------------------------------------------------------------------------
                  0.00    0.00    0.00   clock __VIRTUAL_CLK__ (rise edge)
                          0.00    0.00   clock network delay (ideal)
                          2.00    2.00 ^ input external delay
                  0.02    0.01    2.01 ^ b[1] (in)
     1    0.00                           b[1] (net)
                  0.02    0.00    2.01 ^ input6/A (sky130_fd_sc_hd__buf_1)
                  0.15    0.15    2.17 ^ input6/X (sky130_fd_sc_hd__buf_1)
     3    0.01                           net6 (net)
                  0.15    0.00    2.17 ^ _22_/A (sky130_fd_sc_hd__nand2_1)
                  0.09    0.12    2.29 v _22_/Y (sky130_fd_sc_hd__nand2_1)
     3    0.01                           _04_ (net)
                  0.09    0.00    2.29 v _28_/A3 (sky130_fd_sc_hd__a31o_1)
                  0.06    0.27    2.55 v _28_/X (sky130_fd_sc_hd__a31o_1)
     2    0.01                           _09_ (net)
                  0.06    0.00    2.55 v _36_/A1 (sky130_fd_sc_hd__a21boi_1)
                  0.21    0.21    2.77 ^ _36_/Y (sky130_fd_sc_hd__a21boi_1)
     2    0.01                           _16_ (net)
                  0.21    0.00    2.77 ^ _37_/B (sky130_fd_sc_hd__xnor2_1)
                  0.12    0.15    2.92 ^ _37_/Y (sky130_fd_sc_hd__xnor2_1)
     1    0.00                           net14 (net)
                  0.12    0.00    2.92 ^ output14/A (sky130_fd_sc_hd__buf_2)
                  0.17    0.24    3.16 ^ output14/X (sky130_fd_sc_hd__buf_2)
     1    0.03                           sum[3] (net)
                  0.17    0.00    3.16 ^ sum[3] (out)
                                  3.16   data arrival time

                  0.00   10.00   10.00   clock __VIRTUAL_CLK__ (rise edge)
                          0.00   10.00   clock network delay (ideal)
                         -0.25    9.75   clock uncertainty
                          0.00    9.75   clock reconvergence pessimism
                         -2.00    7.75   output external delay
                                  7.75   data required time
-----------------------------------------------------------------------------
                                  7.75   data required time
                                 -3.16   data arrival time
-----------------------------------------------------------------------------
                                  4.59   slack (MET)




===========================================================================
report_checks --slack_max -0.01
============================================================================
======================= Fastest Corner ===================================

No paths found.

======================= Slowest Corner ===================================

No paths found.

======================= Typical Corner ===================================

No paths found.


===========================================================================
 report_check_types -max_slew -max_cap -max_fanout -violators
============================================================================
======================= Fastest Corner ===================================


======================= Slowest Corner ===================================


======================= Typical Corner ===================================



===========================================================================
report_parasitic_annotation -report_unannotated
============================================================================
Found 0 unannotated drivers.
Found 0 partially unannotated drivers.

===========================================================================
max slew violation count 0
max fanout violation count 0
max cap violation count 0
============================================================================

===========================================================================
check_setup -verbose -unconstrained_endpoints -multiple_clock -no_clock -no_input_delay -loops -generated_clocks
===========================================================================
