Instance name,  X location,  Y location,  Voltage 
input2, 42.63, 38.08, 7.03525e-06
output10, 42.63, 38.08, 7.03525e-06
PHY_17, 42.63, 32.64, 3.66712e-06
PHY_19, 42.63, 32.64, 3.66712e-06
FILLER_0_8_77, 42.63, 32.64, 3.66712e-06
PHY_13, 42.63, 27.2, 3.78058e-06
PHY_15, 42.63, 27.2, 3.78058e-06
FILLER_0_5_73, 42.63, 27.2, 3.78058e-06
PHY_9, 42.63, 21.76, 6.68746e-06
PHY_11, 42.63, 21.76, 6.68746e-06
output14, 42.63, 21.76, 6.68746e-06
FILLER_0_3_76, 42.63, 21.76, 6.68746e-06
FILLER_0_4_72, 42.63, 21.76, 6.68746e-06
_33_, 42.63, 16.32, 3.90944e-06
PHY_5, 42.63, 16.32, 3.90944e-06
PHY_7, 42.63, 16.32, 3.90944e-06
FILLER_0_2_76, 42.63, 16.32, 3.90944e-06
PHY_1, 42.63, 10.88, 4.08748e-06
PHY_3, 42.63, 10.88, 4.08748e-06
input3, 42.63, 10.88, 4.08748e-06
input8, 42.63, 10.88, 4.08748e-06
FILLER_0_9_53, 32.97, 38.08, 5.1812e-06
FILLER_0_9_57, 32.97, 38.08, 5.1812e-06
input7, 32.97, 32.64, 4.12395e-06
FILLER_0_7_52, 32.97, 32.64, 4.12395e-06
FILLER_0_9_69, 32.97, 32.64, 4.12395e-06
_36_, 32.97, 27.2, 4.52407e-06
FILLER_0_5_53, 32.97, 27.2, 4.52407e-06
_29_, 32.97, 21.76, 5.39962e-06
_30_, 32.97, 21.76, 5.39962e-06
_31_, 32.97, 21.76, 5.39962e-06
_38_, 32.97, 21.76, 5.39962e-06
FILLER_0_3_51, 32.97, 21.76, 5.39962e-06
FILLER_0_3_57, 32.97, 21.76, 5.39962e-06
FILLER_0_4_50, 32.97, 21.76, 5.39962e-06
FILLER_0_4_63, 32.97, 21.76, 5.39962e-06
_34_, 32.97, 16.32, 4.2057e-06
_35_, 32.97, 16.32, 4.2057e-06
_37_, 32.97, 16.32, 4.2057e-06
FILLER_0_0_51, 32.97, 10.88, 4.14246e-06
FILLER_0_0_69, 32.97, 10.88, 4.14246e-06
input9, 23.31, 38.08, 5.25665e-06
FILLER_0_9_29, 23.31, 38.08, 5.25665e-06
_17_, 23.31, 32.64, 5.19917e-06
_25_, 23.31, 32.64, 5.19917e-06
_26_, 23.31, 32.64, 5.19917e-06
_19_, 23.31, 27.2, 5.63733e-06
_22_, 23.31, 27.2, 5.63733e-06
_23_, 23.31, 27.2, 5.63733e-06
_24_, 23.31, 27.2, 5.63733e-06
_27_, 23.31, 27.2, 5.63733e-06
_28_, 23.31, 27.2, 5.63733e-06
_32_, 23.31, 27.2, 5.63733e-06
_20_, 23.31, 21.76, 4.22358e-06
output11, 23.31, 10.88, 5.29914e-06
FILLER_0_0_41, 23.31, 10.88, 5.29914e-06
output12, 13.65, 38.08, 6.72685e-06
_18_, 13.65, 27.2, 4.80022e-06
FILLER_0_5_15, 13.65, 27.2, 4.80022e-06
FILLER_0_6_18, 13.65, 27.2, 4.80022e-06
_21_, 13.65, 21.76, 3.88639e-06
input1, 13.65, 10.88, 5.10697e-06
FILLER_0_0_14, 13.65, 10.88, 5.10697e-06
FILLER_0_0_20, 13.65, 10.88, 5.10697e-06
PHY_18, 5.52, 38.08, 6.72685e-06
PHY_14, 5.52, 32.64, 1.10218e-05
PHY_16, 5.52, 32.64, 1.10218e-05
output13, 5.52, 32.64, 1.10218e-05
PHY_10, 5.52, 27.2, 5.41042e-06
PHY_12, 5.52, 27.2, 5.41042e-06
input5, 5.52, 27.2, 5.41042e-06
PHY_6, 5.52, 21.76, 3.8864e-06
PHY_8, 5.52, 21.76, 3.8864e-06
PHY_2, 5.52, 16.32, 3.05803e-06
PHY_4, 5.52, 16.32, 3.05803e-06
PHY_0, 5.52, 10.88, 6.11463e-06
input4, 5.52, 10.88, 6.11463e-06
input6, 5.52, 10.88, 6.11463e-06
FILLER_0_0_6, 5.52, 10.88, 6.11463e-06

