Instance name,  X location,  Y location,  Voltage 
input2, 39.33, 35.36, 1.79999
input7, 39.33, 35.36, 1.79999
output10, 39.33, 35.36, 1.79999
FILLER_0_9_69, 39.33, 35.36, 1.79999
FILLER_0_8_77, 39.33, 29.92, 1.8
_29_, 39.33, 24.48, 1.8
_30_, 39.33, 24.48, 1.8
_38_, 39.33, 24.48, 1.8
FILLER_0_4_63, 39.33, 24.48, 1.8
FILLER_0_4_72, 39.33, 24.48, 1.8
FILLER_0_5_73, 39.33, 24.48, 1.8
_33_, 39.33, 19.04, 1.79999
_34_, 39.33, 19.04, 1.79999
_35_, 39.33, 19.04, 1.79999
_37_, 39.33, 19.04, 1.79999
output14, 39.33, 19.04, 1.79999
FILLER_0_3_76, 39.33, 19.04, 1.79999
input3, 39.33, 13.6, 1.8
input8, 39.33, 13.6, 1.8
FILLER_0_0_69, 39.33, 13.6, 1.8
FILLER_0_2_76, 39.33, 13.6, 1.8
FILLER_0_9_53, 29.67, 35.36, 1.79999
FILLER_0_9_57, 29.67, 35.36, 1.79999
_22_, 29.67, 29.92, 1.8
_32_, 29.67, 29.92, 1.8
FILLER_0_7_52, 29.67, 29.92, 1.8
_36_, 29.67, 24.48, 1.8
FILLER_0_4_50, 29.67, 24.48, 1.8
FILLER_0_5_53, 29.67, 24.48, 1.8
_31_, 29.67, 19.04, 1.79999
FILLER_0_3_51, 29.67, 19.04, 1.79999
FILLER_0_3_57, 29.67, 19.04, 1.79999
output11, 29.67, 13.6, 1.79999
FILLER_0_0_51, 29.67, 13.6, 1.79999
input9, 20.01, 35.36, 1.79999
FILLER_0_9_29, 20.01, 35.36, 1.79999
_17_, 20.01, 29.92, 1.8
_18_, 20.01, 29.92, 1.8
_23_, 20.01, 29.92, 1.8
_25_, 20.01, 29.92, 1.8
_26_, 20.01, 29.92, 1.8
_19_, 20.01, 24.48, 1.79999
_20_, 20.01, 24.48, 1.79999
_21_, 20.01, 24.48, 1.79999
_24_, 20.01, 24.48, 1.79999
_27_, 20.01, 24.48, 1.79999
_28_, 20.01, 24.48, 1.79999
FILLER_0_0_41, 20.01, 13.6, 1.8
output12, 10.35, 35.36, 1.79999
FILLER_0_5_15, 10.35, 24.48, 1.8
FILLER_0_6_18, 10.35, 24.48, 1.8
input1, 10.35, 13.6, 1.8
FILLER_0_0_6, 10.35, 13.6, 1.8
FILLER_0_0_14, 10.35, 13.6, 1.8
FILLER_0_0_20, 10.35, 13.6, 1.8
PHY_16, 5.52, 35.36, 1.79999
PHY_18, 5.52, 35.36, 1.79999
output13, 5.52, 35.36, 1.79999
PHY_17, 44.16, 35.36, 1.79999
PHY_19, 44.16, 35.36, 1.79999
PHY_12, 5.52, 29.92, 1.8
PHY_14, 5.52, 29.92, 1.8
PHY_13, 44.16, 29.92, 1.8
PHY_15, 44.16, 29.92, 1.8
PHY_8, 5.52, 24.48, 1.79999
PHY_10, 5.52, 24.48, 1.79999
input5, 5.52, 24.48, 1.79999
PHY_9, 44.16, 24.48, 1.8
PHY_11, 44.16, 24.48, 1.8
PHY_4, 5.52, 19.04, 1.8
PHY_6, 5.52, 19.04, 1.8
PHY_5, 44.16, 19.04, 1.79999
PHY_7, 44.16, 19.04, 1.79999
PHY_0, 5.52, 13.6, 1.79999
PHY_2, 5.52, 13.6, 1.79999
input4, 5.52, 13.6, 1.79999
input6, 5.52, 13.6, 1.79999
PHY_1, 44.16, 13.6, 1.8
PHY_3, 44.16, 13.6, 1.8

