
===========================================================================
report_checks -path_delay max (Setup)
============================================================================
======================= Typical Corner ===================================

Startpoint: b[0] (input port clocked by __VIRTUAL_CLK__)
Endpoint: sum[3] (output port clocked by __VIRTUAL_CLK__)
Path Group: __VIRTUAL_CLK__
Path Type: max

Fanout     Cap    Slew   Delay    Time   Description
-----------------------------------------------------------------------------
                  0.00    0.00    0.00   clock __VIRTUAL_CLK__ (rise edge)
                          0.00    0.00   clock network delay (ideal)
                          2.00    2.00 ^ input external delay
                  0.02    0.01    2.01 ^ b[0] (in)
     1    0.00                           b[0] (net)
                  0.02    0.00    2.01 ^ input5/A (sky130_fd_sc_hd__buf_1)
                  0.12    0.13    2.13 ^ input5/X (sky130_fd_sc_hd__buf_1)
     3    0.01                           net5 (net)
                  0.12    0.00    2.13 ^ _21_/A1 (sky130_fd_sc_hd__o21ai_2)
                  0.05    0.09    2.22 v _21_/Y (sky130_fd_sc_hd__o21ai_2)
     3    0.01                           _03_ (net)
                  0.05    0.00    2.22 v _28_/A2 (sky130_fd_sc_hd__a31o_1)
                  0.05    0.23    2.45 v _28_/X (sky130_fd_sc_hd__a31o_1)
     2    0.01                           _09_ (net)
                  0.05    0.00    2.45 v _36_/A1 (sky130_fd_sc_hd__a21boi_1)
                  0.19    0.19    2.64 ^ _36_/Y (sky130_fd_sc_hd__a21boi_1)
     2    0.01                           _16_ (net)
                  0.19    0.00    2.64 ^ _37_/B (sky130_fd_sc_hd__xnor2_1)
                  0.10    0.14    2.78 ^ _37_/Y (sky130_fd_sc_hd__xnor2_1)
     1    0.00                           net14 (net)
                  0.10    0.00    2.78 ^ output14/A (sky130_fd_sc_hd__buf_2)
                  0.17    0.23    3.01 ^ output14/X (sky130_fd_sc_hd__buf_2)
     1    0.03                           sum[3] (net)
                  0.17    0.00    3.01 ^ sum[3] (out)
                                  3.01   data arrival time

                  0.00   10.00   10.00   clock __VIRTUAL_CLK__ (rise edge)
                          0.00   10.00   clock network delay (ideal)
                         -0.25    9.75   clock uncertainty
                          0.00    9.75   clock reconvergence pessimism
                         -2.00    7.75   output external delay
                                  7.75   data required time
-----------------------------------------------------------------------------
                                  7.75   data required time
                                 -3.01   data arrival time
-----------------------------------------------------------------------------
                                  4.74   slack (MET)


Startpoint: b[0] (input port clocked by __VIRTUAL_CLK__)
Endpoint: cout (output port clocked by __VIRTUAL_CLK__)
Path Group: __VIRTUAL_CLK__
Path Type: max

Fanout     Cap    Slew   Delay    Time   Description
-----------------------------------------------------------------------------
                  0.00    0.00    0.00   clock __VIRTUAL_CLK__ (rise edge)
                          0.00    0.00   clock network delay (ideal)
                          2.00    2.00 ^ input external delay
                  0.02    0.01    2.01 ^ b[0] (in)
     1    0.00                           b[0] (net)
                  0.02    0.00    2.01 ^ input5/A (sky130_fd_sc_hd__buf_1)
                  0.12    0.13    2.13 ^ input5/X (sky130_fd_sc_hd__buf_1)
     3    0.01                           net5 (net)
                  0.12    0.00    2.13 ^ _21_/A1 (sky130_fd_sc_hd__o21ai_2)
                  0.05    0.09    2.22 v _21_/Y (sky130_fd_sc_hd__o21ai_2)
     3    0.01                           _03_ (net)
                  0.05    0.00    2.22 v _28_/A2 (sky130_fd_sc_hd__a31o_1)
                  0.05    0.23    2.45 v _28_/X (sky130_fd_sc_hd__a31o_1)
     2    0.01                           _09_ (net)
                  0.05    0.00    2.45 v _36_/A1 (sky130_fd_sc_hd__a21boi_1)
                  0.19    0.19    2.64 ^ _36_/Y (sky130_fd_sc_hd__a21boi_1)
     2    0.01                           _16_ (net)
                  0.19    0.00    2.64 ^ _38_/A2 (sky130_fd_sc_hd__o21a_1)
                  0.04    0.13    2.78 ^ _38_/X (sky130_fd_sc_hd__o21a_1)
     1    0.00                           net10 (net)
                  0.04    0.00    2.78 ^ output10/A (sky130_fd_sc_hd__clkbuf_4)
                  0.11    0.19    2.97 ^ output10/X (sky130_fd_sc_hd__clkbuf_4)
     1    0.03                           cout (net)
                  0.11    0.00    2.97 ^ cout (out)
                                  2.97   data arrival time

                  0.00   10.00   10.00   clock __VIRTUAL_CLK__ (rise edge)
                          0.00   10.00   clock network delay (ideal)
                         -0.25    9.75   clock uncertainty
                          0.00    9.75   clock reconvergence pessimism
                         -2.00    7.75   output external delay
                                  7.75   data required time
-----------------------------------------------------------------------------
                                  7.75   data required time
                                 -2.97   data arrival time
-----------------------------------------------------------------------------
                                  4.78   slack (MET)


Startpoint: b[0] (input port clocked by __VIRTUAL_CLK__)
Endpoint: sum[2] (output port clocked by __VIRTUAL_CLK__)
Path Group: __VIRTUAL_CLK__
Path Type: max

Fanout     Cap    Slew   Delay    Time   Description
-----------------------------------------------------------------------------
                  0.00    0.00    0.00   clock __VIRTUAL_CLK__ (rise edge)
                          0.00    0.00   clock network delay (ideal)
                          2.00    2.00 v input external delay
                  0.01    0.00    2.00 v b[0] (in)
     1    0.00                           b[0] (net)
                  0.01    0.00    2.00 v input5/A (sky130_fd_sc_hd__buf_1)
                  0.06    0.10    2.11 v input5/X (sky130_fd_sc_hd__buf_1)
     3    0.01                           net5 (net)
                  0.06    0.00    2.11 v _21_/A1 (sky130_fd_sc_hd__o21ai_2)
                  0.13    0.17    2.27 ^ _21_/Y (sky130_fd_sc_hd__o21ai_2)
     3    0.01                           _03_ (net)
                  0.13    0.00    2.27 ^ _28_/A2 (sky130_fd_sc_hd__a31o_1)
                  0.08    0.19    2.47 ^ _28_/X (sky130_fd_sc_hd__a31o_1)
     2    0.01                           _09_ (net)
                  0.08    0.00    2.47 ^ _32_/A (sky130_fd_sc_hd__xor2_1)
                  0.10    0.14    2.60 ^ _32_/X (sky130_fd_sc_hd__xor2_1)
     1    0.00                           net13 (net)
                  0.10    0.00    2.60 ^ output13/A (sky130_fd_sc_hd__clkbuf_4)
                  0.11    0.22    2.82 ^ output13/X (sky130_fd_sc_hd__clkbuf_4)
     1    0.03                           sum[2] (net)
                  0.11    0.00    2.82 ^ sum[2] (out)
                                  2.82   data arrival time

                  0.00   10.00   10.00   clock __VIRTUAL_CLK__ (rise edge)
                          0.00   10.00   clock network delay (ideal)
                         -0.25    9.75   clock uncertainty
                          0.00    9.75   clock reconvergence pessimism
                         -2.00    7.75   output external delay
                                  7.75   data required time
-----------------------------------------------------------------------------
                                  7.75   data required time
                                 -2.82   data arrival time
-----------------------------------------------------------------------------
                                  4.93   slack (MET)


Startpoint: b[1] (input port clocked by __VIRTUAL_CLK__)
Endpoint: sum[1] (output port clocked by __VIRTUAL_CLK__)
Path Group: __VIRTUAL_CLK__
Path Type: max

Fanout     Cap    Slew   Delay    Time   Description
-----------------------------------------------------------------------------
                  0.00    0.00    0.00   clock __VIRTUAL_CLK__ (rise edge)
                          0.00    0.00   clock network delay (ideal)
                          2.00    2.00 v input external delay
                  0.01    0.00    2.00 v b[1] (in)
     1    0.00                           b[1] (net)
                  0.01    0.00    2.00 v input6/A (sky130_fd_sc_hd__buf_1)
                  0.04    0.09    2.09 v input6/X (sky130_fd_sc_hd__buf_1)
     3    0.01                           net6 (net)
                  0.04    0.00    2.09 v _23_/A (sky130_fd_sc_hd__or2_1)
                  0.06    0.24    2.34 v _23_/X (sky130_fd_sc_hd__or2_1)
     2    0.00                           _05_ (net)
                  0.06    0.00    2.34 v _24_/B2 (sky130_fd_sc_hd__a22o_1)
                  0.04    0.20    2.54 v _24_/X (sky130_fd_sc_hd__a22o_1)
     1    0.00                           _06_ (net)
                  0.04    0.00    2.54 v _26_/A (sky130_fd_sc_hd__nand2_1)
                  0.04    0.05    2.59 ^ _26_/Y (sky130_fd_sc_hd__nand2_1)
     1    0.00                           net12 (net)
                  0.04    0.00    2.59 ^ output12/A (sky130_fd_sc_hd__clkbuf_4)
                  0.11    0.19    2.78 ^ output12/X (sky130_fd_sc_hd__clkbuf_4)
     1    0.03                           sum[1] (net)
                  0.11    0.00    2.78 ^ sum[1] (out)
                                  2.78   data arrival time

                  0.00   10.00   10.00   clock __VIRTUAL_CLK__ (rise edge)
                          0.00   10.00   clock network delay (ideal)
                         -0.25    9.75   clock uncertainty
                          0.00    9.75   clock reconvergence pessimism
                         -2.00    7.75   output external delay
                                  7.75   data required time
-----------------------------------------------------------------------------
                                  7.75   data required time
                                 -2.78   data arrival time
-----------------------------------------------------------------------------
                                  4.97   slack (MET)


Startpoint: b[0] (input port clocked by __VIRTUAL_CLK__)
Endpoint: sum[0] (output port clocked by __VIRTUAL_CLK__)
Path Group: __VIRTUAL_CLK__
Path Type: max

Fanout     Cap    Slew   Delay    Time   Description
-----------------------------------------------------------------------------
                  0.00    0.00    0.00   clock __VIRTUAL_CLK__ (rise edge)
                          0.00    0.00   clock network delay (ideal)
                          2.00    2.00 v input external delay
                  0.01    0.00    2.00 v b[0] (in)
     1    0.00                           b[0] (net)
                  0.01    0.00    2.00 v input5/A (sky130_fd_sc_hd__buf_1)
                  0.06    0.10    2.11 v input5/X (sky130_fd_sc_hd__buf_1)
     3    0.01                           net5 (net)
                  0.06    0.00    2.11 v _18_/A (sky130_fd_sc_hd__or2_1)
                  0.05    0.23    2.34 v _18_/X (sky130_fd_sc_hd__or2_1)
     1    0.00                           _01_ (net)
                  0.05    0.00    2.34 v _19_/B (sky130_fd_sc_hd__nand2_1)
                  0.06    0.08    2.41 ^ _19_/Y (sky130_fd_sc_hd__nand2_1)
     1    0.00                           _02_ (net)
                  0.06    0.00    2.41 ^ _20_/B (sky130_fd_sc_hd__xnor2_1)
                  0.11    0.11    2.52 ^ _20_/Y (sky130_fd_sc_hd__xnor2_1)
     1    0.00                           net11 (net)
                  0.11    0.00    2.52 ^ output11/A (sky130_fd_sc_hd__clkbuf_4)
                  0.11    0.22    2.74 ^ output11/X (sky130_fd_sc_hd__clkbuf_4)
     1    0.03                           sum[0] (net)
                  0.11    0.00    2.74 ^ sum[0] (out)
                                  2.74   data arrival time

                  0.00   10.00   10.00   clock __VIRTUAL_CLK__ (rise edge)
                          0.00   10.00   clock network delay (ideal)
                         -0.25    9.75   clock uncertainty
                          0.00    9.75   clock reconvergence pessimism
                         -2.00    7.75   output external delay
                                  7.75   data required time
-----------------------------------------------------------------------------
                                  7.75   data required time
                                 -2.74   data arrival time
-----------------------------------------------------------------------------
                                  5.01   slack (MET)



